#
# A fatal error has been detected by the Java Runtime Environment:
#
#  EXCEPTION_ACCESS_VIOLATION (0xc0000005) at pc=0x00000000c2622f28, pid=4680, tid=7284
#
# JRE version: Java(TM) SE Runtime Environment (7.0_80-b15) (build 1.7.0_80-b15)
# Java VM: Java HotSpot(TM) 64-Bit Server VM (24.80-b11 mixed mode windows-amd64 compressed oops)
# Problematic frame:
# C  0x00000000c2622f28
#
# Failed to write core dump. Minidumps are not enabled by default on client versions of Windows
#
# If you would like to submit a bug report, please visit:
#   http://bugreport.java.com/bugreport/crash.jsp
#

---------------  T H R E A D  ---------------

Current thread (0x000000000be83800):  JavaThread "qtp1316482901-31" [_thread_in_Java, id=7284, stack(0x000000000e1f0000,0x000000000e2f0000)]

siginfo: ExceptionCode=0xc0000005, ExceptionInformation=0x0000000000000008 0x00000000c2622f28

Registers:
RAX=0x00000000bae23690, RBX=0x00000000bae02bf8, RCX=0x00000000ee0ecea8, RDX=0x0000000030000001
RSP=0x000000000e2ee010, RBP=0x000000000e2ee070, RSI=0x00000000c366d668, RDI=0x00000000faaf5c6f
R8 =0x000000000000000a, R9 =0x0000000002583140, R10=0x000000006062c1c0, R11=0x0000000002583140
R12=0x0000000000000000, R13=0x000000000e2ee018, R14=0x0000000000000000, R15=0x000000000be83800
RIP=0x00000000c2622f28, EFLAGS=0x0000000000010246

Top of Stack: (sp=0x000000000e2ee010)
0x000000000e2ee010:   0000000002d86314 00000000ee0ecea8
0x000000000e2ee020:   0000000000000001 00000000ee0ed2a0
0x000000000e2ee030:   000000000e2ee030 00000000bd53bd33
0x000000000e2ee040:   000000000e2ee0b0 00000000bd552580
0x000000000e2ee050:   0000000000000000 00000000bd53c048
0x000000000e2ee060:   000000000e2ee018 000000000e2ee0b0
0x000000000e2ee070:   000000000e2ee0f8 0000000002d86373
0x000000000e2ee080:   0000000000000000 0000000000000000
0x000000000e2ee090:   00000000ee0ed2a0 0000000000000001
0x000000000e2ee0a0:   00000000ece8cc90 00000000c26367f0
0x000000000e2ee0b0:   00000000ee0ecea8 000000000e2ee0b8
0x000000000e2ee0c0:   00000000bc02e0f1 000000000e2ee110
0x000000000e2ee0d0:   00000000bd487800 0000000000000000
0x000000000e2ee0e0:   00000000bc02e118 000000000e2ee0b0
0x000000000e2ee0f0:   000000000e2ee108 000000000e2ee1f0
0x000000000e2ee100:   0000000002d8061a 00000000ee0ea6c8 

Instructions: (pc=0x00000000c2622f28)
0x00000000c2622f08:   30 06 e0 ba 0b 00 00 00 72 00 65 00 61 00 64 00
0x00000000c2622f18:   52 00 65 00 73 00 6f 00 6c 00 76 00 65 00 00 00
0x00000000c2622f28:   29 5f 24 fd 4d 00 00 00 00 5c e1 ba 00 00 00 00
0x00000000c2622f38:   00 00 00 00 80 2f 62 c2 00 00 00 00 c8 2f 62 c2 


Register to memory mapping:

RAX=0x00000000bae23690 is an oop
{instance class} 
 - klass: {other class}
RBX=0x00000000bae02bf8 is an oop
{instance class} 
 - klass: {other class}
RCX=0x00000000ee0ecea8 is an oop
java.lang.Error 
 - klass: 'java/lang/Error'
RDX=0x0000000030000001 is an unknown value
RSP=0x000000000e2ee010 is pointing into the stack for thread: 0x000000000be83800
RBP=0x000000000e2ee070 is pointing into the stack for thread: 0x000000000be83800
RSI=0x00000000c366d668 is an oop
java.lang.Thread 
 - klass: 'java/lang/Thread'
RDI=0x00000000faaf5c6f is an unknown value
R8 =0x000000000000000a is an unknown value
R9 =0x0000000002583140 is an unknown value
R10=0x000000006062c1c0 is an unknown value
R11=0x0000000002583140 is an unknown value
R12=0x0000000000000000 is an unknown value
R13=0x000000000e2ee018 is pointing into the stack for thread: 0x000000000be83800
R14=0x0000000000000000 is an unknown value
R15=0x000000000be83800 is a thread


Stack: [0x000000000e1f0000,0x000000000e2f0000],  sp=0x000000000e2ee010,  free space=1016k
Native frames: (J=compiled Java code, j=interpreted, Vv=VM code, C=native code)
C  0x00000000c2622f28
j  com.jornada.server.service.GWTServiceUsuarioImpl.updateUsuarioRow(Lcom/jornada/shared/classes/Usuario;)Ljava/lang/String;+1
v  ~StubRoutines::call_stub


---------------  P R O C E S S  ---------------

Java Threads: ( => current thread )
  0x000000000f816800 JavaThread "BoneCP-pool-watch-thread" daemon [_thread_blocked, id=6852, stack(0x0000000014310000,0x0000000014410000)]
  0x000000000f816000 JavaThread "BoneCP-keep-alive-scheduler" daemon [_thread_blocked, id=7720, stack(0x00000000140b0000,0x00000000141b0000)]
  0x000000000f815000 JavaThread "BoneCP-release-thread-helper-thread" daemon [_thread_blocked, id=3860, stack(0x0000000013fa0000,0x00000000140a0000)]
  0x000000000f985800 JavaThread "BoneCP-release-thread-helper-thread" daemon [_thread_blocked, id=4320, stack(0x0000000013e80000,0x0000000013f80000)]
  0x000000000f985000 JavaThread "BoneCP-release-thread-helper-thread" daemon [_thread_blocked, id=4596, stack(0x0000000013d60000,0x0000000013e60000)]
  0x000000000f984000 JavaThread "BoneCP-pool-watch-thread" daemon [_thread_blocked, id=5796, stack(0x0000000013bd0000,0x0000000013cd0000)]
  0x000000000f983800 JavaThread "BoneCP-keep-alive-scheduler" daemon [_thread_blocked, id=7680, stack(0x0000000013a30000,0x0000000013b30000)]
  0x000000000f982800 JavaThread "BoneCP-release-thread-helper-thread" daemon [_thread_blocked, id=848, stack(0x00000000137f0000,0x00000000138f0000)]
  0x000000000bd47000 JavaThread "BoneCP-release-thread-helper-thread" daemon [_thread_blocked, id=7764, stack(0x000000000d8d0000,0x000000000d9d0000)]
  0x000000000bd46000 JavaThread "BoneCP-release-thread-helper-thread" daemon [_thread_blocked, id=1352, stack(0x0000000013690000,0x0000000013790000)]
  0x000000000bd45800 JavaThread "com.google.common.base.internal.Finalizer" daemon [_thread_blocked, id=7652, stack(0x00000000134f0000,0x00000000135f0000)]
  0x000000000bd44800 JavaThread "Java2D Disposer" daemon [_thread_blocked, id=6036, stack(0x0000000013320000,0x0000000013420000)]
  0x000000000bd44000 JavaThread "pool-3-thread-1" [_thread_blocked, id=7084, stack(0x0000000013170000,0x0000000013270000)]
  0x000000000bd43000 JavaThread "qtp1019144724-46" [_thread_blocked, id=4620, stack(0x0000000012e00000,0x0000000012f00000)]
  0x000000000bd42800 JavaThread "qtp1019144724-45" [_thread_blocked, id=7804, stack(0x0000000012f10000,0x0000000013010000)]
  0x000000000bd41800 JavaThread "qtp1019144724-44" [_thread_blocked, id=1040, stack(0x0000000012c90000,0x0000000012d90000)]
  0x000000000bd41000 JavaThread "qtp1019144724-43" [_thread_blocked, id=7716, stack(0x0000000012a90000,0x0000000012b90000)]
  0x000000000bd40000 JavaThread "qtp1019144724-42" [_thread_blocked, id=4676, stack(0x000000000ddf0000,0x000000000def0000)]
  0x000000000be88000 JavaThread "qtp1019144724-41" [_thread_blocked, id=2536, stack(0x000000000b7c0000,0x000000000b8c0000)]
  0x000000000be87000 JavaThread "qtp1019144724-40 Acceptor0 SelectChannelConnector@127.0.0.1:9876" [_thread_in_native, id=6800, stack(0x0000000012970000,0x0000000012a70000)]
  0x000000000be86800 JavaThread "qtp1019144724-39 Selector0" [_thread_in_native, id=7916, stack(0x0000000012780000,0x0000000012880000)]
  0x000000000be85800 JavaThread "HashSessionScavenger-1" daemon [_thread_blocked, id=7808, stack(0x000000000f520000,0x000000000f620000)]
  0x000000000be84000 JavaThread "qtp1316482901-32" [_thread_blocked, id=7636, stack(0x000000000e380000,0x000000000e480000)]
=>0x000000000be83800 JavaThread "qtp1316482901-31" [_thread_in_Java, id=7284, stack(0x000000000e1f0000,0x000000000e2f0000)]
  0x000000000be82800 JavaThread "qtp1316482901-30" [_thread_blocked, id=5840, stack(0x000000000b5b0000,0x000000000b6b0000)]
  0x000000000be82000 JavaThread "qtp1316482901-29" [_thread_blocked, id=5884, stack(0x000000000e0e0000,0x000000000e1e0000)]
  0x000000000be81000 JavaThread "qtp1316482901-28" [_thread_blocked, id=1548, stack(0x000000000df20000,0x000000000e020000)]
  0x000000000be10000 JavaThread "qtp1316482901-27" [_thread_blocked, id=6032, stack(0x000000000d7c0000,0x000000000d8c0000)]
  0x000000000b367000 JavaThread "qtp1316482901-26 Acceptor0 SelectChannelConnector@127.0.0.1:8888" [_thread_in_native, id=8096, stack(0x000000000dcf0000,0x000000000ddf0000)]
  0x000000000bdad800 JavaThread "qtp1316482901-25 Selector0" [_thread_in_native, id=7512, stack(0x000000000d5b0000,0x000000000d6b0000)]
  0x000000000b108000 JavaThread "HashSessionScavenger-0" daemon [_thread_blocked, id=4648, stack(0x000000000dbb0000,0x000000000dcb0000)]
  0x000000000c5e9800 JavaThread "GC Daemon" daemon [_thread_blocked, id=1456, stack(0x000000000d6c0000,0x000000000d7c0000)]
  0x000000000b399800 JavaThread "pool-1-thread-1" [_thread_blocked, id=6348, stack(0x000000000d1e0000,0x000000000d2e0000)]
  0x000000000ba7b800 JavaThread "Thread-2" daemon [_thread_blocked, id=4440, stack(0x000000000d4a0000,0x000000000d5a0000)]
  0x000000000ba2f800 JavaThread "Thread-1" [_thread_in_native, id=2968, stack(0x000000000d300000,0x000000000d400000)]
  0x000000000b08b800 JavaThread "Service Thread" daemon [_thread_blocked, id=6484, stack(0x000000000b6b0000,0x000000000b7b0000)]
  0x000000000b083800 JavaThread "C2 CompilerThread1" daemon [_thread_blocked, id=7712, stack(0x000000000b4a0000,0x000000000b5a0000)]
  0x000000000b082000 JavaThread "C2 CompilerThread0" daemon [_thread_blocked, id=7840, stack(0x000000000acb0000,0x000000000adb0000)]
  0x0000000008e4d800 JavaThread "JDWP Command Reader" daemon [_thread_in_native, id=1376, stack(0x000000000a1e0000,0x000000000a2e0000)]
  0x0000000008e4c800 JavaThread "JDWP Event Helper Thread" daemon [_thread_blocked, id=7484, stack(0x000000000a930000,0x000000000aa30000)]
  0x0000000008e41000 JavaThread "JDWP Transport Listener: dt_socket" daemon [_thread_blocked, id=7488, stack(0x000000000aeb0000,0x000000000afb0000)]
  0x0000000008e38000 JavaThread "Attach Listener" daemon [_thread_blocked, id=4428, stack(0x000000000a4e0000,0x000000000a5e0000)]
  0x0000000008e32800 JavaThread "Signal Dispatcher" daemon [_thread_blocked, id=4604, stack(0x000000000a310000,0x000000000a410000)]
  0x0000000008dd6800 JavaThread "Finalizer" daemon [_thread_blocked, id=8032, stack(0x000000000a0d0000,0x000000000a1d0000)]
  0x0000000008dcf000 JavaThread "Reference Handler" daemon [_thread_blocked, id=1992, stack(0x0000000009fa0000,0x000000000a0a0000)]
  0x0000000002538000 JavaThread "main" [_thread_blocked, id=5676, stack(0x0000000002c80000,0x0000000002d80000)]

Other Threads:
  0x0000000008dcb800 VMThread [stack: 0x0000000009e00000,0x0000000009f00000] [id=8188]
  0x000000000b0a1000 WatcherThread [stack: 0x000000000b8f0000,0x000000000b9f0000] [id=4848]

VM state:not at safepoint (normal execution)

VM Mutex/Monitor currently owned by a thread: None

Heap
 PSYoungGen      total 232960K, used 113736K [0x00000000eaa80000, 0x00000000ff680000, 0x0000000100000000)
  eden space 141312K, 75% used [0x00000000eaa80000,0x00000000f12e4d98,0x00000000f3480000)
  from space 91648K, 7% used [0x00000000f9d00000,0x00000000fa3ad5d8,0x00000000ff680000)
  to   space 99328K, 0% used [0x00000000f3480000,0x00000000f3480000,0x00000000f9580000)
 ParOldGen       total 571904K, used 488072K [0x00000000c0000000, 0x00000000e2e80000, 0x00000000eaa80000)
  object space 571904K, 85% used [0x00000000c0000000,0x00000000ddca2370,0x00000000e2e80000)
 PSPermGen       total 57344K, used 40273K [0x00000000bae00000, 0x00000000be600000, 0x00000000c0000000)
  object space 57344K, 70% used [0x00000000bae00000,0x00000000bd554460,0x00000000be600000)

Card table byte_map: [0x0000000005d80000,0x0000000005fb0000] byte_map_base: 0x00000000057a9000

Polling page: 0x0000000000360000

Code Cache  [0x0000000002d80000, 0x0000000003aa0000, 0x0000000005d80000)
 total_blobs=4195 nmethods=3701 adapters=449 free_code_cache=36060Kb largest_free_block=36582144

Compilation events (10 events):
Event: 1092.706 Thread 0x000000000b083800 4684             org.eclipse.jetty.http.gzip.AbstractCompressedStream::write (16 bytes)
Event: 1092.706 Thread 0x000000000b082000 4685             org.eclipse.jetty.http.gzip.AbstractCompressedStream::checkOut (170 bytes)
Event: 1092.710 Thread 0x000000000b082000 nmethod 4685 0x000000000379d290 code [0x000000000379d400, 0x000000000379d6c8]
Event: 1092.712 Thread 0x000000000b083800 nmethod 4684 0x0000000003a844d0 code [0x0000000003a84680, 0x0000000003a84dc0]
Event: 1094.116 Thread 0x000000000b082000 4686             com.google.gwt.user.server.rpc.impl.SerializabilityUtil::applyFieldSerializationPolicy (117 bytes)
Event: 1094.126 Thread 0x000000000b082000 nmethod 4686 0x0000000003845610 code [0x00000000038457e0, 0x0000000003845d80]
Event: 1094.483 Thread 0x000000000b083800 4687             org.eclipse.jetty.io.AbstractBuffer::setMarkIndex (6 bytes)
Event: 1094.483 Thread 0x000000000b083800 nmethod 4687 0x0000000003996250 code [0x0000000003996380, 0x00000000039963d8]
Event: 1109.159 Thread 0x000000000b082000 4688             sun.nio.cs.ISO_8859_1$Encoder::encode (107 bytes)
Event: 1109.167 Thread 0x000000000b082000 nmethod 4688 0x0000000003a83e50 code [0x0000000003a83fa0, 0x0000000003a842f8]

GC Heap History (10 events):
Event: 285.966 GC heap before
{Heap before GC invocations=60 (full 6):
 PSYoungGen      total 232448K, used 145288K [0x00000000eaa80000, 0x00000000ff800000, 0x0000000100000000)
  eden space 132608K, 100% used [0x00000000eaa80000,0x00000000f2c00000,0x00000000f2c00000)
  from space 99840K, 12% used [0x00000000f2c00000,0x00000000f3862238,0x00000000f8d80000)
  to   space 96768K, 0% used [0x00000000f9980000,0x00000000f9980000,0x00000000ff800000)
 ParOldGen       total 571904K, used 459997K [0x00000000c0000000, 0x00000000e2e80000, 0x00000000eaa80000)
  object space 571904K, 80% used [0x00000000c0000000,0x00000000dc137678,0x00000000e2e80000)
 PSPermGen       total 57344K, used 39832K [0x00000000bae00000, 0x00000000be600000, 0x00000000c0000000)
  object space 57344K, 69% used [0x00000000bae00000,0x00000000bd4e6128,0x00000000be600000)
Event: 285.992 GC heap after
Heap after GC invocations=60 (full 6):
 PSYoungGen      total 237568K, used 6835K [0x00000000eaa80000, 0x00000000ff200000, 0x0000000100000000)
  eden space 146944K, 0% used [0x00000000eaa80000,0x00000000eaa80000,0x00000000f3a00000)
  from space 90624K, 7% used [0x00000000f9980000,0x00000000fa02cd20,0x00000000ff200000)
  to   space 94208K, 0% used [0x00000000f3a00000,0x00000000f3a00000,0x00000000f9600000)
 ParOldGen       total 571904K, used 471862K [0x00000000c0000000, 0x00000000e2e80000, 0x00000000eaa80000)
  object space 571904K, 82% used [0x00000000c0000000,0x00000000dcccd9c0,0x00000000e2e80000)
 PSPermGen       total 57344K, used 39832K [0x00000000bae00000, 0x00000000be600000, 0x00000000c0000000)
  object space 57344K, 69% used [0x00000000bae00000,0x00000000bd4e6128,0x00000000be600000)
}
Event: 286.225 GC heap before
{Heap before GC invocations=61 (full 6):
 PSYoungGen      total 237568K, used 153779K [0x00000000eaa80000, 0x00000000ff200000, 0x0000000100000000)
  eden space 146944K, 100% used [0x00000000eaa80000,0x00000000f3a00000,0x00000000f3a00000)
  from space 90624K, 7% used [0x00000000f9980000,0x00000000fa02cd20,0x00000000ff200000)
  to   space 94208K, 0% used [0x00000000f3a00000,0x00000000f3a00000,0x00000000f9600000)
 ParOldGen       total 571904K, used 471862K [0x00000000c0000000, 0x00000000e2e80000, 0x00000000eaa80000)
  object space 571904K, 82% used [0x00000000c0000000,0x00000000dcccd9c0,0x00000000e2e80000)
 PSPermGen       total 57344K, used 39832K [0x00000000bae00000, 0x00000000be600000, 0x00000000c0000000)
  object space 57344K, 69% used [0x00000000bae00000,0x00000000bd4e61c8,0x00000000be600000)
Event: 286.280 GC heap after
Heap after GC invocations=61 (full 6):
 PSYoungGen      total 241152K, used 47369K [0x00000000eaa80000, 0x0000000100000000, 0x0000000100000000)
  eden space 146944K, 0% used [0x00000000eaa80000,0x00000000eaa80000,0x00000000f3a00000)
  from space 94208K, 50% used [0x00000000f3a00000,0x00000000f6842610,0x00000000f9600000)
  to   space 94720K, 0% used [0x00000000fa380000,0x00000000fa380000,0x0000000100000000)
 ParOldGen       total 571904K, used 477058K [0x00000000c0000000, 0x00000000e2e80000, 0x00000000eaa80000)
  object space 571904K, 83% used [0x00000000c0000000,0x00000000dd1e0840,0x00000000e2e80000)
 PSPermGen       total 57344K, used 39832K [0x00000000bae00000, 0x00000000be600000, 0x00000000c0000000)
  object space 57344K, 69% used [0x00000000bae00000,0x00000000bd4e61c8,0x00000000be600000)
}
Event: 286.357 GC heap before
{Heap before GC invocations=62 (full 6):
 PSYoungGen      total 241152K, used 185742K [0x00000000eaa80000, 0x0000000100000000, 0x0000000100000000)
  eden space 146944K, 94% used [0x00000000eaa80000,0x00000000f31a1250,0x00000000f3a00000)
  from space 94208K, 50% used [0x00000000f3a00000,0x00000000f6842610,0x00000000f9600000)
  to   space 94720K, 0% used [0x00000000fa380000,0x00000000fa380000,0x0000000100000000)
 ParOldGen       total 571904K, used 477058K [0x00000000c0000000, 0x00000000e2e80000, 0x00000000eaa80000)
  object space 571904K, 83% used [0x00000000c0000000,0x00000000dd1e0840,0x00000000e2e80000)
 PSPermGen       total 57344K, used 39832K [0x00000000bae00000, 0x00000000be600000, 0x00000000c0000000)
  object space 57344K, 69% used [0x00000000bae00000,0x00000000bd4e61c8,0x00000000be600000)
Event: 286.384 GC heap after
Heap after GC invocations=62 (full 6):
 PSYoungGen      total 229376K, used 82587K [0x00000000eaa80000, 0x0000000100000000, 0x0000000100000000)
  eden space 134656K, 0% used [0x00000000eaa80000,0x00000000eaa80000,0x00000000f2e00000)
  from space 94720K, 87% used [0x00000000fa380000,0x00000000ff426ee8,0x0000000100000000)
  to   space 107520K, 0% used [0x00000000f2e00000,0x00000000f2e00000,0x00000000f9700000)
 ParOldGen       total 571904K, used 487082K [0x00000000c0000000, 0x00000000e2e80000, 0x00000000eaa80000)
  object space 571904K, 85% used [0x00000000c0000000,0x00000000ddbaabf0,0x00000000e2e80000)
 PSPermGen       total 57344K, used 39832K [0x00000000bae00000, 0x00000000be600000, 0x00000000c0000000)
  object space 57344K, 69% used [0x00000000bae00000,0x00000000bd4e61c8,0x00000000be600000)
}
Event: 286.487 GC heap before
{Heap before GC invocations=63 (full 6):
 PSYoungGen      total 229376K, used 217243K [0x00000000eaa80000, 0x0000000100000000, 0x0000000100000000)
  eden space 134656K, 100% used [0x00000000eaa80000,0x00000000f2e00000,0x00000000f2e00000)
  from space 94720K, 87% used [0x00000000fa380000,0x00000000ff426ee8,0x0000000100000000)
  to   space 107520K, 0% used [0x00000000f2e00000,0x00000000f2e00000,0x00000000f9700000)
 ParOldGen       total 571904K, used 487082K [0x00000000c0000000, 0x00000000e2e80000, 0x00000000eaa80000)
  object space 571904K, 85% used [0x00000000c0000000,0x00000000ddbaabf0,0x00000000e2e80000)
 PSPermGen       total 57344K, used 39832K [0x00000000bae00000, 0x00000000be600000, 0x00000000c0000000)
  object space 57344K, 69% used [0x00000000bae00000,0x00000000bd4e6288,0x00000000be600000)
Event: 286.525 GC heap after
Heap after GC invocations=63 (full 6):
 PSYoungGen      total 242176K, used 32604K [0x00000000eaa80000, 0x00000000fff80000, 0x0000000100000000)
  eden space 134656K, 0% used [0x00000000eaa80000,0x00000000eaa80000,0x00000000f2e00000)
  from space 107520K, 30% used [0x00000000f2e00000,0x00000000f4dd70c8,0x00000000f9700000)
  to   space 100864K, 0% used [0x00000000f9d00000,0x00000000f9d00000,0x00000000fff80000)
 ParOldGen       total 571904K, used 488064K [0x00000000c0000000, 0x00000000e2e80000, 0x00000000eaa80000)
  object space 571904K, 85% used [0x00000000c0000000,0x00000000ddca0370,0x00000000e2e80000)
 PSPermGen       total 57344K, used 39832K [0x00000000bae00000, 0x00000000be600000, 0x00000000c0000000)
  object space 57344K, 69% used [0x00000000bae00000,0x00000000bd4e6288,0x00000000be600000)
}
Event: 581.677 GC heap before
{Heap before GC invocations=64 (full 6):
 PSYoungGen      total 242176K, used 167243K [0x00000000eaa80000, 0x00000000fff80000, 0x0000000100000000)
  eden space 134656K, 99% used [0x00000000eaa80000,0x00000000f2dfbde0,0x00000000f2e00000)
  from space 107520K, 30% used [0x00000000f2e00000,0x00000000f4dd70c8,0x00000000f9700000)
  to   space 100864K, 0% used [0x00000000f9d00000,0x00000000f9d00000,0x00000000fff80000)
 ParOldGen       total 571904K, used 488064K [0x00000000c0000000, 0x00000000e2e80000, 0x00000000eaa80000)
  object space 571904K, 85% used [0x00000000c0000000,0x00000000ddca0370,0x00000000e2e80000)
 PSPermGen       total 57344K, used 39898K [0x00000000bae00000, 0x00000000be600000, 0x00000000c0000000)
  object space 57344K, 69% used [0x00000000bae00000,0x00000000bd4f6ae8,0x00000000be600000)
Event: 581.709 GC heap after
Heap after GC invocations=64 (full 6):
 PSYoungGen      total 232960K, used 6837K [0x00000000eaa80000, 0x00000000ff680000, 0x0000000100000000)
  eden space 141312K, 0% used [0x00000000eaa80000,0x00000000eaa80000,0x00000000f3480000)
  from space 91648K, 7% used [0x00000000f9d00000,0x00000000fa3ad5d8,0x00000000ff680000)
  to   space 99328K, 0% used [0x00000000f3480000,0x00000000f3480000,0x00000000f9580000)
 ParOldGen       total 571904K, used 488072K [0x00000000c0000000, 0x00000000e2e80000, 0x00000000eaa80000)
  object space 571904K, 85% used [0x00000000c0000000,0x00000000ddca2370,0x00000000e2e80000)
 PSPermGen       total 57344K, used 39898K [0x00000000bae00000, 0x00000000be600000, 0x00000000c0000000)
  object space 57344K, 69% used [0x00000000bae00000,0x00000000bd4f6ae8,0x00000000be600000)
}

Deoptimization events (10 events):
Event: 945.262 Thread 0x000000000be83800 Uncommon trap: reason=unhandled action=none pc=0x00000000036c2fdc method=org.postgresql.jdbc2.AbstractJdbc2ResultSet.findColumn(Ljava/lang/String;)I @ 31
Event: 989.789 Thread 0x000000000be10000 Uncommon trap: reason=null_check action=make_not_entrant pc=0x00000000036ef984 method=com.google.gwt.user.server.rpc.impl.SerializabilityUtil.getSerializationSignature(Ljava/lang/Class;Lcom/google/gwt/user/server/rpc/SerializationPolicy;)Ljava/lang/String;<z'PîŽ@
Event: 989.789 Thread 0x000000000be10000 Uncommon trap: reason=null_check action=make_not_entrant pc=0x00000000036e8dbc method=com.google.gwt.user.server.rpc.impl.SerializabilityUtil.hasCustomFieldSerializer(Ljava/lang/Class;)Ljava/lang/Class; @ 36
Event: 989.800 Thread 0x000000000be10000 Uncommon trap: reason=null_check action=make_not_entrant pc=0x0000000003a47dc0 method=com.google.gwt.user.server.rpc.impl.SerializabilityUtil.applyFieldSerializationPolicy(Ljava/lang/Class;Z)[Ljava/lang/reflect/Field; @ 9
Event: 989.822 Thread 0x000000000be10000 Uncommon trap: reason=bimorphic action=maybe_recompile pc=0x000000000365fd90 method=java.util.Hashtable.get(Ljava/lang/Object;)Ljava/lang/Object; @ 46
Event: 989.822 Thread 0x000000000be10000 Uncommon trap: reason=bimorphic action=maybe_recompile pc=0x000000000365fd90 method=java.util.Hashtable.get(Ljava/lang/Object;)Ljava/lang/Object; @ 46
Event: 989.822 Thread 0x000000000be10000 Uncommon trap: reason=bimorphic action=maybe_recompile pc=0x000000000365fd90 method=java.util.Hashtable.get(Ljava/lang/Object;)Ljava/lang/Object; @ 46
Event: 989.822 Thread 0x000000000be10000 Uncommon trap: reason=bimorphic action=maybe_recompile pc=0x000000000365fd90 method=java.util.Hashtable.get(Ljava/lang/Object;)Ljava/lang/Object; @ 46
Event: 1094.473 Thread 0x000000000be10000 Uncommon trap: reason=unhandled action=none pc=0x00000000036c2fdc method=org.postgresql.jdbc2.AbstractJdbc2ResultSet.findColumn(Ljava/lang/String;)I @ 31
Event: 1094.476 Thread 0x000000000be10000 Uncommon trap: reason=unhandled action=none pc=0x00000000036c2fdc method=org.postgresql.jdbc2.AbstractJdbc2ResultSet.findColumn(Ljava/lang/String;)I @ 31

Internal exceptions (10 events):
Event: 989.809 Thread 0x000000000be10000 Threw 0x00000000ee515a80 at C:\re\jdk7u80\2329\hotspot\src\share\vm\prims\jvm.cpp:1319
Event: 989.810 Thread 0x000000000be10000 Threw 0x00000000ee518b28 at C:\re\jdk7u80\2329\hotspot\src\share\vm\prims\jvm.cpp:1319
Event: 1093.942 Thread 0x000000000be10000 Threw 0x00000000ee53d898 at C:\re\jdk7u80\2329\hotspot\src\share\vm\interpreter\interpreterRuntime.cpp:347
Event: 1093.945 Thread 0x000000000be10000 Threw 0x00000000ee546748 at C:\re\jdk7u80\2329\hotspot\src\share\vm\interpreter\interpreterRuntime.cpp:347
Event: 1094.037 Thread 0x000000000be81000 Threw 0x00000000eabab698 at C:\re\jdk7u80\2329\hotspot\src\share\vm\interpreter\interpreterRuntime.cpp:347
Event: 1094.038 Thread 0x000000000be82800 Threw 0x00000000eda4fec0 at C:\re\jdk7u80\2329\hotspot\src\share\vm\interpreter\interpreterRuntime.cpp:347
Event: 1094.063 Thread 0x000000000be84000 Threw 0x00000000ee690e00 at C:\re\jdk7u80\2329\hotspot\src\share\vm\interpreter\interpreterRuntime.cpp:347
Event: 1094.071 Thread 0x000000000be82000 Threw 0x00000000eacee4e8 at C:\re\jdk7u80\2329\hotspot\src\share\vm\interpreter\interpreterRuntime.cpp:347
Event: 1094.471 Thread 0x000000000be10000 Threw 0x00000000ee54f2e0 at C:\re\jdk7u80\2329\hotspot\src\share\vm\interpreter\interpreterRuntime.cpp:347
Event: 1099.220 Thread 0x000000000be82800 Threw 0x00000000f00096e0 at C:\re\jdk7u80\2329\hotspot\src\share\vm\interpreter\interpreterRuntime.cpp:347

Events (10 events):
Event: 1122.494 Executing VM operation: GetOrSetLocal
Event: 1122.494 Executing VM operation: GetOrSetLocal done
Event: 1122.495 Executing VM operation: GetOrSetLocal
Event: 1122.495 Executing VM operation: GetOrSetLocal done
Event: 1122.496 Executing VM operation: GetOrSetLocal
Event: 1122.496 Executing VM operation: GetOrSetLocal done
Event: 1122.497 Executing VM operation: GetOrSetLocal
Event: 1122.497 Executing VM operation: GetOrSetLocal done
Event: 1122.498 Executing VM operation: GetOrSetLocal
Event: 1122.498 Executing VM operation: GetOrSetLocal done


Dynamic libraries:
0x000000013fcc0000 - 0x000000013fcf3000 	C:\Program Files\Java\jre7\bin\javaw.exe
0x0000000076ff0000 - 0x0000000077198000 	C:\windows\SYSTEM32\ntdll.dll
0x0000000076b50000 - 0x0000000076c6f000 	C:\windows\system32\kernel32.dll
0x000007fefd6b0000 - 0x000007fefd71c000 	C:\windows\system32\KERNELBASE.dll
0x00000000747e0000 - 0x0000000074868000 	C:\windows\System32\SYSFER.DLL
0x000007fefea00000 - 0x000007fefeadb000 	C:\windows\system32\ADVAPI32.dll
0x000007fefd870000 - 0x000007fefd90f000 	C:\windows\system32\msvcrt.dll
0x000007fefe8b0000 - 0x000007fefe8cf000 	C:\windows\SYSTEM32\sechost.dll
0x000007fefe8d0000 - 0x000007fefe9fd000 	C:\windows\system32\RPCRT4.dll
0x0000000076a50000 - 0x0000000076b4a000 	C:\windows\system32\USER32.dll
0x000007feff1a0000 - 0x000007feff207000 	C:\windows\system32\GDI32.dll
0x000007fefeec0000 - 0x000007fefeece000 	C:\windows\system32\LPK.dll
0x000007fefebe0000 - 0x000007fefeca9000 	C:\windows\system32\USP10.dll
0x000007fef9c80000 - 0x000007fef9e74000 	C:\windows\WinSxS\amd64_microsoft.windows.common-controls_6595b64144ccf1df_6.0.7601.18807_none_fa381d5f175bfb52\COMCTL32.dll
0x000007fefeae0000 - 0x000007fefeb51000 	C:\windows\system32\SHLWAPI.dll
0x000007fefee90000 - 0x000007fefeebe000 	C:\windows\system32\IMM32.DLL
0x000007fefe7a0000 - 0x000007fefe8a9000 	C:\windows\system32\MSCTF.dll
0x000007fefd430000 - 0x000007fefd44c000 	C:\windows\System32\BTPLOA~1.DLL
0x00000000771c0000 - 0x00000000771c7000 	C:\windows\system32\PSAPI.DLL
0x000007fefd360000 - 0x000007fefd38c000 	C:\windows\system32\privman64.dll
0x000007fefd350000 - 0x000007fefd35c000 	C:\windows\system32\VERSION.dll
0x000007fefda10000 - 0x000007fefe799000 	C:\windows\system32\SHELL32.dll
0x000007fefd330000 - 0x000007fefd34e000 	C:\windows\system32\USERENV.dll
0x000007fefd450000 - 0x000007fefd45f000 	C:\windows\system32\profapi.dll
0x00000000606c0000 - 0x0000000060792000 	C:\Program Files\Java\jre7\bin\msvcr100.dll
0x000000005fee0000 - 0x00000000606b9000 	C:\Program Files\Java\jre7\bin\server\jvm.dll
0x000007fef0ea0000 - 0x000007fef0ea9000 	C:\windows\system32\WSOCK32.dll
0x000007fefd820000 - 0x000007fefd86d000 	C:\windows\system32\WS2_32.dll
0x000007feff2f0000 - 0x000007feff2f8000 	C:\windows\system32\NSI.dll
0x000007fef8ae0000 - 0x000007fef8b1b000 	C:\windows\system32\WINMM.dll
0x0000000073c70000 - 0x0000000073c7f000 	C:\Program Files\Java\jre7\bin\verify.dll
0x00000000607f0000 - 0x0000000060818000 	C:\Program Files\Java\jre7\bin\java.dll
0x000000005f9b0000 - 0x000000005f9e5000 	C:\Program Files\Java\jre7\bin\jdwp.dll
0x000000006a710000 - 0x000000006a718000 	C:\Program Files\Java\jre7\bin\npt.dll
0x0000000073a80000 - 0x0000000073a96000 	C:\Program Files\Java\jre7\bin\zip.dll
0x000000006b260000 - 0x000000006b269000 	C:\Program Files\Java\jre7\bin\dt_socket.dll
0x000007fefbe20000 - 0x000007fefbe35000 	C:\windows\system32\NLAapi.dll
0x000007fefbd90000 - 0x000007fefbda5000 	C:\windows\system32\napinsp.dll
0x000007fefbd70000 - 0x000007fefbd89000 	C:\windows\system32\pnrpnsp.dll
0x000007fefcc40000 - 0x000007fefcc95000 	C:\windows\System32\mswsock.dll
0x000007fefcac0000 - 0x000007fefcb1b000 	C:\windows\system32\DNSAPI.dll
0x000007fefbcc0000 - 0x000007fefbccb000 	C:\windows\System32\winrnr.dll
0x000007fefbcb0000 - 0x000007fefbcc0000 	C:\windows\system32\wshbth.dll
0x000007fefc360000 - 0x000007fefc387000 	C:\windows\system32\IPHLPAPI.DLL
0x000007fefc350000 - 0x000007fefc35b000 	C:\windows\system32\WINNSI.DLL
0x000007fefa390000 - 0x000007fefa3e3000 	C:\windows\System32\fwpuclnt.dll
0x000007fefa380000 - 0x000007fefa388000 	C:\windows\system32\rasadhlp.dll
0x000007fefc610000 - 0x000007fefc617000 	C:\windows\System32\wshtcpip.dll
0x000000006e0e0000 - 0x000000006e0fa000 	C:\Program Files\Java\jre7\bin\net.dll
0x000007fefcc30000 - 0x000007fefcc37000 	C:\windows\System32\wship6.dll
0x000007fefcca0000 - 0x000007fefccb8000 	C:\windows\system32\CRYPTSP.dll
0x000007fefc9a0000 - 0x000007fefc9e7000 	C:\windows\system32\rsaenh.dll
0x000007fefd300000 - 0x000007fefd30f000 	C:\windows\system32\CRYPTBASE.dll
0x000007fefa3f0000 - 0x000007fefa408000 	C:\windows\system32\dhcpcsvc.DLL
0x000007fefa410000 - 0x000007fefa421000 	C:\windows\system32\dhcpcsvc6.DLL
0x000000006b000000 - 0x000000006b011000 	C:\Program Files\Java\jre7\bin\nio.dll
0x0000000056a80000 - 0x0000000056c15000 	C:\Program Files\Java\jre7\bin\awt.dll
0x000007feff210000 - 0x000007feff2e7000 	C:\windows\system32\OLEAUT32.dll
0x000007fefef90000 - 0x000007feff193000 	C:\windows\system32\ole32.dll
0x000000005fa10000 - 0x000000005fa34000 	C:\Program Files\Java\jre7\bin\sunec.dll
0x000000006b320000 - 0x000000006b32b000 	C:\Program Files\Java\jre7\bin\sunmscapi.dll
0x000007fefd500000 - 0x000007fefd66d000 	C:\windows\system32\CRYPT32.dll
0x000007fefd4f0000 - 0x000007fefd4ff000 	C:\windows\system32\MSASN1.dll
0x0000000068f20000 - 0x0000000068f2b000 	C:\Program Files\Java\jre7\bin\management.dll
0x000007fef9800000 - 0x000007fef9818000 	C:\windows\system32\DWMAPI.DLL
0x000007fef8b40000 - 0x000007fef8c65000 	C:\windows\system32\dbghelp.dll

VM Arguments:
jvm_args: -agentlib:jdwp=transport=dt_socket,suspend=y,address=localhost:55525 -Xmx1024m -Dfile.encoding=UTF-8 
java_command: com.google.gwt.dev.DevMode -port 8888 -remoteUI 54667:47689233272436 -startupUrl Jornada.html -logLevel INFO -codeServerPort 9997 -superDevMode -war C:\Users\waf039\Documents\GitHub\sistemaonline\war com.jornada.Jornada
Launcher Type: SUN_STANDARD

Environment Variables:
PATH=C:\Program Files (x86)\RSA SecurID Token Common;C:\windows\system32;C:\windows;C:\windows\System32\Wbem;C:\windows\System32\WindowsPowerShell\v1.0\;c:\Program Files (x86)\Microsoft SQL Server\90\Tools\binn\
USERNAME=waf039
OS=Windows_NT
PROCESSOR_IDENTIFIER=Intel64 Family 6 Model 69 Stepping 1, GenuineIntel



---------------  S Y S T E M  ---------------

OS: Windows 7 , 64 bit Build 7601 Service Pack 1

CPU:total 4 (2 cores per cpu, 2 threads per core) family 6 model 69 stepping 1, cmov, cx8, fxsr, mmx, sse, sse2, sse3, ssse3, sse4.1, sse4.2, popcnt, avx, avx2, aes, erms, ht, tsc, tscinvbit

Memory: 4k page, physical 8068708k(2142288k free), swap 16135564k(10067016k free)

vm_info: Java HotSpot(TM) 64-Bit Server VM (24.80-b11) for windows-amd64 JRE (1.7.0_80-b15), built on Apr 10 2015 11:26:34 by "java_re" with unknown MS VC++:1600

time: Mon Jun 01 23:27:26 2015
elapsed time: 1127 seconds

